23:44:50.821 [main] INFO  TrialE2E.TrialE2E.HomePageTests - Driver Initialized successfully
23:44:51.695 [main] DEBUG TrialE2E.TrialE2E.HomePageTests - Login button clicked successfully
23:44:54.511 [main] ERROR TrialE2E.TrialE2E.HomePageTests - Ocado Launched again
23:44:54.934 [main] DEBUG TrialE2E.TrialE2E.HomePageTests - Login button clicked successfully
23:44:57.861 [main] ERROR TrialE2E.TrialE2E.HomePageTests - Ocado Launched again
23:44:58.470 [main] DEBUG TrialE2E.TrialE2E.HomePageTests - Login button clicked successfully
23:45:01.671 [main] ERROR TrialE2E.TrialE2E.HomePageTests - Ocado Launched again
23:45:22.429 [main] INFO  TrialE2E.TrialE2E.HomePageTests - Driver Initialized successfully
23:45:23.125 [main] DEBUG TrialE2E.TrialE2E.HomePageTests - Login button clicked successfully
23:45:25.865 [main] ERROR TrialE2E.TrialE2E.HomePageTests - Ocado Launched again
22:56:17.305 [main] INFO  TrialE2E.TrialE2E.HomePageTests - Driver Initialized successfully
22:56:18.119 [main] DEBUG TrialE2E.TrialE2E.HomePageTests - Login button clicked successfully
22:56:21.194 [main] ERROR TrialE2E.TrialE2E.HomePageTests - Ocado Launched again
22:56:21.575 [main] DEBUG TrialE2E.TrialE2E.HomePageTests - Login button clicked successfully
22:56:24.593 [main] ERROR TrialE2E.TrialE2E.HomePageTests - Ocado Launched again
22:56:24.950 [main] DEBUG TrialE2E.TrialE2E.HomePageTests - Login button clicked successfully
22:56:27.910 [main] ERROR TrialE2E.TrialE2E.HomePageTests - Ocado Launched again
22:56:38.361 [main] DEBUG TrialE2E.TrialE2E.HomePageTests - Log In Clixked
00:03:32.957 [main] INFO  TrialE2E.TrialE2E.HomePageTests - Driver Initialized successfully
00:03:34.252 [main] DEBUG TrialE2E.TrialE2E.HomePageTests - Login button clicked successfully
00:03:37.656 [main] ERROR TrialE2E.TrialE2E.HomePageTests - Ocado Launched again
00:03:38.100 [main] DEBUG TrialE2E.TrialE2E.HomePageTests - Login button clicked successfully
00:03:42.471 [main] ERROR TrialE2E.TrialE2E.HomePageTests - Ocado Launched again
00:03:43.592 [main] DEBUG TrialE2E.TrialE2E.HomePageTests - Login button clicked successfully
00:03:46.738 [main] ERROR TrialE2E.TrialE2E.HomePageTests - Ocado Launched again
00:03:56.666 [main] DEBUG TrialE2E.TrialE2E.HomePageTests - Log In Clixked
15:06:19.428 [main] INFO  TrialE2E.TrialE2E.HomePageTests - Driver Initialized successfully
15:08:49.667 [main] DEBUG TrialE2E.TrialE2E.HomePageTests - Login button clicked successfully
15:08:53.619 [main] ERROR TrialE2E.TrialE2E.HomePageTests - Ocado Launched again
15:09:04.386 [main] DEBUG TrialE2E.TrialE2E.HomePageTests - Login button clicked successfully
15:09:11.058 [main] ERROR TrialE2E.TrialE2E.HomePageTests - Ocado Launched again
15:10:55.610 [main] INFO  TrialE2E.TrialE2E.HomePageTests - Driver Initialized successfully
15:10:56.463 [main] DEBUG TrialE2E.TrialE2E.HomePageTests - Login button clicked successfully
15:11:00.581 [main] ERROR TrialE2E.TrialE2E.HomePageTests - Ocado Launched again
15:11:01.468 [main] DEBUG TrialE2E.TrialE2E.HomePageTests - Login button clicked successfully
15:11:05.245 [main] ERROR TrialE2E.TrialE2E.HomePageTests - Ocado Launched again
15:11:06.523 [main] DEBUG TrialE2E.TrialE2E.HomePageTests - Login button clicked successfully
15:11:10.615 [main] ERROR TrialE2E.TrialE2E.HomePageTests - Ocado Launched again
15:11:22.353 [main] DEBUG TrialE2E.TrialE2E.HomePageTests - Log In Clixked
15:30:04.800 [main] INFO  TrialE2E.TrialE2E.HomePageTests - Driver Initialized successfully
15:30:05.795 [main] DEBUG TrialE2E.TrialE2E.HomePageTests - Login button clicked successfully
15:30:11.329 [main] ERROR TrialE2E.TrialE2E.HomePageTests - Ocado Launched again
15:30:12.053 [main] DEBUG TrialE2E.TrialE2E.HomePageTests - Login button clicked successfully
15:30:17.211 [main] ERROR TrialE2E.TrialE2E.HomePageTests - Ocado Launched again
15:30:18.022 [main] DEBUG TrialE2E.TrialE2E.HomePageTests - Login button clicked successfully
15:30:23.488 [main] ERROR TrialE2E.TrialE2E.HomePageTests - Ocado Launched again
15:30:37.517 [main] DEBUG TrialE2E.TrialE2E.HomePageTests - Log In Clixked
15:33:31.345 [main] INFO  TrialE2E.TrialE2E.HomePageTests - Driver Initialized successfully
15:33:34.186 [main] DEBUG TrialE2E.TrialE2E.HomePageTests - Login button clicked successfully
15:33:39.676 [main] ERROR TrialE2E.TrialE2E.HomePageTests - Ocado Launched again
15:33:41.292 [main] DEBUG TrialE2E.TrialE2E.HomePageTests - Login button clicked successfully
15:33:45.767 [main] ERROR TrialE2E.TrialE2E.HomePageTests - Ocado Launched again
15:33:48.177 [main] DEBUG TrialE2E.TrialE2E.HomePageTests - Login button clicked successfully
15:33:51.495 [main] ERROR TrialE2E.TrialE2E.HomePageTests - Ocado Launched again
15:35:45.553 [main] INFO  TrialE2E.TrialE2E.HomePageTests - Driver Initialized successfully
15:35:47.104 [main] DEBUG TrialE2E.TrialE2E.HomePageTests - Login button clicked successfully
15:35:51.277 [main] ERROR TrialE2E.TrialE2E.HomePageTests - Ocado Launched again
15:35:52.994 [main] DEBUG TrialE2E.TrialE2E.HomePageTests - Login button clicked successfully
15:35:57.049 [main] ERROR TrialE2E.TrialE2E.HomePageTests - Ocado Launched again
15:35:58.515 [main] DEBUG TrialE2E.TrialE2E.HomePageTests - Login button clicked successfully
15:36:02.052 [main] ERROR TrialE2E.TrialE2E.HomePageTests - Ocado Launched again
16:20:04.062 [main] INFO  TrialE2E.TrialE2E.HomePageTests - Driver Initialized successfully
16:21:47.790 [main] INFO  TrialE2E.TrialE2E.HomePageTests - Driver Initialized successfully
16:23:52.012 [main] INFO  TrialE2E.TrialE2E.HomePageTests - Driver Initialized successfully
16:24:35.742 [main] INFO  TrialE2E.TrialE2E.HomePageTests - Driver Initialized successfully
16:26:34.529 [main] INFO  TrialE2E.TrialE2E.HomePageTests - Driver Initialized successfully
16:29:17.179 [main] INFO  TrialE2E.TrialE2E.HomePageTests - Driver Initialized successfully
16:31:43.335 [main] INFO  TrialE2E.TrialE2E.HomePageTests - Driver Initialized successfully
16:32:39.123 [main] INFO  TrialE2E.TrialE2E.HomePageTests - Driver Initialized successfully
16:33:30.540 [main] INFO  TrialE2E.TrialE2E.HomePageTests - Driver Initialized successfully
16:33:31.372 [main] DEBUG TrialE2E.TrialE2E.HomePageTests - Login button clicked successfully
16:33:35.244 [main] ERROR TrialE2E.TrialE2E.HomePageTests - Ocado Launched again
16:33:35.684 [main] DEBUG TrialE2E.TrialE2E.HomePageTests - Login button clicked successfully
16:33:40.723 [main] ERROR TrialE2E.TrialE2E.HomePageTests - Ocado Launched again
16:33:41.294 [main] DEBUG TrialE2E.TrialE2E.HomePageTests - Login button clicked successfully
16:33:45.718 [main] ERROR TrialE2E.TrialE2E.HomePageTests - Ocado Launched again
16:43:40.690 [main] INFO  TrialE2E.TrialE2E.HomePageTests - Driver Initialized successfully
16:43:42.100 [main] DEBUG TrialE2E.TrialE2E.HomePageTests - Login button clicked successfully
16:43:46.086 [main] ERROR TrialE2E.TrialE2E.HomePageTests - Ocado Launched again
16:43:47.310 [main] DEBUG TrialE2E.TrialE2E.HomePageTests - Login button clicked successfully
16:43:51.288 [main] ERROR TrialE2E.TrialE2E.HomePageTests - Ocado Launched again
16:43:51.803 [main] DEBUG TrialE2E.TrialE2E.HomePageTests - Login button clicked successfully
16:43:56.217 [main] ERROR TrialE2E.TrialE2E.HomePageTests - Ocado Launched again
16:44:04.402 [main] DEBUG TrialE2E.TrialE2E.HomePageTests - Log In Clixked
16:47:05.129 [main] INFO  TrialE2E.TrialE2E.HomePageTests - Driver Initialized successfully
16:47:05.999 [main] DEBUG TrialE2E.TrialE2E.HomePageTests - Login button clicked successfully
16:47:09.492 [main] ERROR TrialE2E.TrialE2E.HomePageTests - Ocado Launched again
16:47:09.880 [main] DEBUG TrialE2E.TrialE2E.HomePageTests - Login button clicked successfully
16:47:14.134 [main] ERROR TrialE2E.TrialE2E.HomePageTests - Ocado Launched again
16:47:14.549 [main] DEBUG TrialE2E.TrialE2E.HomePageTests - Login button clicked successfully
16:47:17.784 [main] ERROR TrialE2E.TrialE2E.HomePageTests - Ocado Launched again
16:47:29.149 [main] DEBUG TrialE2E.TrialE2E.HomePageTests - Log In Clixked
16:53:50.875 [main] INFO  TrialE2E.TrialE2E.HomePageTests - Driver Initialized successfully
16:53:52.939 [main] DEBUG TrialE2E.TrialE2E.HomePageTests - Login button clicked successfully
16:53:57.982 [main] ERROR TrialE2E.TrialE2E.HomePageTests - Ocado Launched again
16:53:58.431 [main] DEBUG TrialE2E.TrialE2E.HomePageTests - Login button clicked successfully
16:54:03.859 [main] ERROR TrialE2E.TrialE2E.HomePageTests - Ocado Launched again
16:54:04.364 [main] DEBUG TrialE2E.TrialE2E.HomePageTests - Login button clicked successfully
16:54:08.827 [main] ERROR TrialE2E.TrialE2E.HomePageTests - Ocado Launched again
16:54:39.309 [main] DEBUG TrialE2E.TrialE2E.HomePageTests - Log In Clixked
16:55:33.554 [main] INFO  TrialE2E.TrialE2E.HomePageTests - Driver Initialized successfully
16:55:34.456 [main] DEBUG TrialE2E.TrialE2E.HomePageTests - Login button clicked successfully
16:55:38.682 [main] ERROR TrialE2E.TrialE2E.HomePageTests - Ocado Launched again
16:55:40.270 [main] DEBUG TrialE2E.TrialE2E.HomePageTests - Login button clicked successfully
16:55:42.924 [main] ERROR TrialE2E.TrialE2E.HomePageTests - Ocado Launched again
16:55:43.746 [main] DEBUG TrialE2E.TrialE2E.HomePageTests - Login button clicked successfully
16:55:46.727 [main] ERROR TrialE2E.TrialE2E.HomePageTests - Ocado Launched again
16:55:56.482 [main] DEBUG TrialE2E.TrialE2E.HomePageTests - Log In Clixked
14:39:12.082 [main] INFO  TrialE2E.TrialE2E.HomePageTests - Driver Initialized successfully
14:39:13.127 [main] DEBUG TrialE2E.TrialE2E.HomePageTests - Login button clicked successfully
14:39:18.108 [main] ERROR TrialE2E.TrialE2E.HomePageTests - Ocado Launched again
14:39:19.485 [main] DEBUG TrialE2E.TrialE2E.HomePageTests - Login button clicked successfully
14:39:23.083 [main] ERROR TrialE2E.TrialE2E.HomePageTests - Ocado Launched again
14:39:23.618 [main] DEBUG TrialE2E.TrialE2E.HomePageTests - Login button clicked successfully
14:39:27.624 [main] ERROR TrialE2E.TrialE2E.HomePageTests - Ocado Launched again
14:39:38.107 [main] DEBUG TrialE2E.TrialE2E.HomePageTests - Log In Clixked
14:41:40.679 [main] INFO  TrialE2E.TrialE2E.HomePageTests - Driver Initialized successfully
14:41:41.698 [main] DEBUG TrialE2E.TrialE2E.HomePageTests - Login button clicked successfully
14:41:45.707 [main] ERROR TrialE2E.TrialE2E.HomePageTests - Ocado Launched again
14:41:46.974 [main] DEBUG TrialE2E.TrialE2E.HomePageTests - Login button clicked successfully
14:41:51.456 [main] ERROR TrialE2E.TrialE2E.HomePageTests - Ocado Launched again
14:41:52.558 [main] DEBUG TrialE2E.TrialE2E.HomePageTests - Login button clicked successfully
14:41:55.842 [main] ERROR TrialE2E.TrialE2E.HomePageTests - Ocado Launched again
14:42:05.891 [main] DEBUG TrialE2E.TrialE2E.HomePageTests - Log In Clixked
08:45:18.319 [main] INFO  TrialE2E.TrialE2E.HomePageTests - Driver Initialized successfully
08:45:19.259 [main] DEBUG TrialE2E.TrialE2E.HomePageTests - Login button clicked successfully
08:45:22.511 [main] ERROR TrialE2E.TrialE2E.HomePageTests - Ocado Launched again
08:45:22.897 [main] DEBUG TrialE2E.TrialE2E.HomePageTests - Login button clicked successfully
08:45:26.410 [main] ERROR TrialE2E.TrialE2E.HomePageTests - Ocado Launched again
08:45:26.827 [main] DEBUG TrialE2E.TrialE2E.HomePageTests - Login button clicked successfully
08:45:30.486 [main] ERROR TrialE2E.TrialE2E.HomePageTests - Ocado Launched again
08:45:37.424 [main] DEBUG TrialE2E.TrialE2E.HomePageTests - Log In Clixked
09:10:55.950 [main] INFO  TrialE2E.TrialE2E.HomePageTests - Driver Initialized successfully
09:10:56.682 [main] DEBUG TrialE2E.TrialE2E.HomePageTests - Login button clicked successfully
09:10:59.551 [main] ERROR TrialE2E.TrialE2E.HomePageTests - Ocado Launched again
09:11:00.105 [main] DEBUG TrialE2E.TrialE2E.HomePageTests - Login button clicked successfully
09:11:02.744 [main] ERROR TrialE2E.TrialE2E.HomePageTests - Ocado Launched again
09:11:03.201 [main] DEBUG TrialE2E.TrialE2E.HomePageTests - Login button clicked successfully
09:11:06.094 [main] ERROR TrialE2E.TrialE2E.HomePageTests - Ocado Launched again
10:31:58.482 [main] INFO  TrialE2E.TrialE2E.HomePageTests - Driver Initialized successfully
10:31:59.281 [main] DEBUG TrialE2E.TrialE2E.HomePageTests - Login button clicked successfully
10:32:02.092 [main] ERROR TrialE2E.TrialE2E.HomePageTests - Ocado Launched again
10:32:02.535 [main] DEBUG TrialE2E.TrialE2E.HomePageTests - Login button clicked successfully
10:32:05.043 [main] ERROR TrialE2E.TrialE2E.HomePageTests - Ocado Launched again
10:32:05.468 [main] DEBUG TrialE2E.TrialE2E.HomePageTests - Login button clicked successfully
10:32:08.328 [main] ERROR TrialE2E.TrialE2E.HomePageTests - Ocado Launched again
10:32:17.017 [main] DEBUG TrialE2E.TrialE2E.HomePageTests - Log In Clixked
10:55:07.002 [main] INFO  TrialE2E.TrialE2E.HomePageTests - Driver Initialized successfully
10:55:07.623 [main] DEBUG TrialE2E.TrialE2E.HomePageTests - Login button clicked successfully
10:55:10.668 [main] ERROR TrialE2E.TrialE2E.HomePageTests - Ocado Launched again
10:55:11.072 [main] DEBUG TrialE2E.TrialE2E.HomePageTests - Login button clicked successfully
10:55:14.153 [main] ERROR TrialE2E.TrialE2E.HomePageTests - Ocado Launched again
10:55:14.591 [main] DEBUG TrialE2E.TrialE2E.HomePageTests - Login button clicked successfully
10:55:17.110 [main] ERROR TrialE2E.TrialE2E.HomePageTests - Ocado Launched again
11:26:23.904 [main] INFO  TrialE2E.TrialE2E.HomePageTests - Driver Initialized successfully
11:26:25.008 [main] DEBUG TrialE2E.TrialE2E.HomePageTests - Login button clicked successfully
11:26:27.883 [main] ERROR TrialE2E.TrialE2E.HomePageTests - Ocado Launched again
11:26:28.531 [main] DEBUG TrialE2E.TrialE2E.HomePageTests - Login button clicked successfully
11:26:31.754 [main] ERROR TrialE2E.TrialE2E.HomePageTests - Ocado Launched again
11:26:32.385 [main] DEBUG TrialE2E.TrialE2E.HomePageTests - Login button clicked successfully
11:26:36.017 [main] ERROR TrialE2E.TrialE2E.HomePageTests - Ocado Launched again
11:26:44.493 [main] DEBUG TrialE2E.TrialE2E.HomePageTests - Log In Clixked
11:27:52.811 [main] INFO  TrialE2E.TrialE2E.HomePageTests - Driver Initialized successfully
11:27:53.797 [main] DEBUG TrialE2E.TrialE2E.HomePageTests - Login button clicked successfully
11:27:56.567 [main] ERROR TrialE2E.TrialE2E.HomePageTests - Ocado Launched again
11:27:57.254 [main] DEBUG TrialE2E.TrialE2E.HomePageTests - Login button clicked successfully
11:28:00.728 [main] ERROR TrialE2E.TrialE2E.HomePageTests - Ocado Launched again
11:28:01.222 [main] DEBUG TrialE2E.TrialE2E.HomePageTests - Login button clicked successfully
11:28:05.330 [main] ERROR TrialE2E.TrialE2E.HomePageTests - Ocado Launched again
11:28:16.138 [main] DEBUG TrialE2E.TrialE2E.HomePageTests - Log In Clixked
13:38:31.348 [main] DEBUG TrialE2E.TrialE2E.HomePageTests - Log In Clixked
14:29:57.004 [main] INFO  TrialE2E.TrialE2E.HomePageTests - Driver Initialized successfully
14:30:57.019 [main] INFO  TrialE2E.TrialE2E.HomePageTests - Driver Initialized successfully
14:30:57.704 [main] DEBUG TrialE2E.TrialE2E.HomePageTests - Login button clicked successfully
14:31:01.467 [main] ERROR TrialE2E.TrialE2E.HomePageTests - Ocado Launched again
14:31:01.870 [main] DEBUG TrialE2E.TrialE2E.HomePageTests - Login button clicked successfully
14:31:04.761 [main] ERROR TrialE2E.TrialE2E.HomePageTests - Ocado Launched again
14:31:05.238 [main] DEBUG TrialE2E.TrialE2E.HomePageTests - Login button clicked successfully
14:31:07.983 [main] ERROR TrialE2E.TrialE2E.HomePageTests - Ocado Launched again
14:31:17.692 [main] DEBUG TrialE2E.TrialE2E.HomePageTests - Log In Clixked
14:35:50.993 [main] INFO  TrialE2E.TrialE2E.HomePageTests - Driver Initialized successfully
14:35:51.643 [main] DEBUG TrialE2E.TrialE2E.HomePageTests - Login button clicked successfully
14:35:54.793 [main] ERROR TrialE2E.TrialE2E.HomePageTests - Ocado Launched again
14:35:55.266 [main] DEBUG TrialE2E.TrialE2E.HomePageTests - Login button clicked successfully
14:35:58.452 [main] ERROR TrialE2E.TrialE2E.HomePageTests - Ocado Launched again
14:35:58.910 [main] DEBUG TrialE2E.TrialE2E.HomePageTests - Login button clicked successfully
14:36:01.654 [main] ERROR TrialE2E.TrialE2E.HomePageTests - Ocado Launched again
14:36:11.146 [main] DEBUG TrialE2E.TrialE2E.HomePageTests - Log In Clixked
16:40:10.930 [main] INFO  TrialE2E.TrialE2E.HomePageTests - Driver Initialized successfully
16:40:11.691 [main] DEBUG TrialE2E.TrialE2E.HomePageTests - Login button clicked successfully
16:40:15.718 [main] ERROR TrialE2E.TrialE2E.HomePageTests - Ocado Launched again
16:40:16.130 [main] DEBUG TrialE2E.TrialE2E.HomePageTests - Login button clicked successfully
16:40:19.798 [main] ERROR TrialE2E.TrialE2E.HomePageTests - Ocado Launched again
16:40:24.237 [main] DEBUG TrialE2E.TrialE2E.HomePageTests - Login button clicked successfully
16:40:27.278 [main] ERROR TrialE2E.TrialE2E.HomePageTests - Ocado Launched again
16:40:35.831 [main] DEBUG TrialE2E.TrialE2E.HomePageTests - Log In Clixked
16:59:31.548 [main] INFO  TrialE2E.TrialE2E.HomePageTests - Driver Initialized successfully
16:59:32.367 [main] DEBUG TrialE2E.TrialE2E.HomePageTests - Login button clicked successfully
16:59:36.091 [main] ERROR TrialE2E.TrialE2E.HomePageTests - Ocado Launched again
16:59:36.530 [main] DEBUG TrialE2E.TrialE2E.HomePageTests - Login button clicked successfully
16:59:40.065 [main] ERROR TrialE2E.TrialE2E.HomePageTests - Ocado Launched again
16:59:40.578 [main] DEBUG TrialE2E.TrialE2E.HomePageTests - Login button clicked successfully
16:59:43.878 [main] ERROR TrialE2E.TrialE2E.HomePageTests - Ocado Launched again
16:59:54.957 [main] DEBUG TrialE2E.TrialE2E.HomePageTests - Log In Clixked
00:38:24.607 [main] INFO  TrialE2E.TrialE2E.TestHomePageTests - Driver Initialized successfully
00:38:25.418 [main] DEBUG TrialE2E.TrialE2E.TestHomePageTests - Login button clicked successfully
00:38:28.524 [main] ERROR TrialE2E.TrialE2E.TestHomePageTests - Ocado Launched again
00:38:29.452 [main] DEBUG TrialE2E.TrialE2E.TestHomePageTests - Login button clicked successfully
00:38:32.762 [main] ERROR TrialE2E.TrialE2E.TestHomePageTests - Ocado Launched again
00:38:33.863 [main] DEBUG TrialE2E.TrialE2E.TestHomePageTests - Login button clicked successfully
00:38:37.096 [main] ERROR TrialE2E.TrialE2E.TestHomePageTests - Ocado Launched again
00:39:51.617 [main] DEBUG TrialE2E.TrialE2E.TestHomePageTests - Log In Clixked
00:39:59.736 [main] INFO  TrialE2E.TrialE2E.TestHomePageTests - Driver Initialized successfully
00:40:00.812 [main] DEBUG TrialE2E.TrialE2E.TestHomePageTests - Login button clicked successfully
00:40:03.410 [main] ERROR TrialE2E.TrialE2E.TestHomePageTests - Ocado Launched again
00:40:03.825 [main] DEBUG TrialE2E.TrialE2E.TestHomePageTests - Login button clicked successfully
00:40:06.969 [main] ERROR TrialE2E.TrialE2E.TestHomePageTests - Ocado Launched again
00:40:07.335 [main] DEBUG TrialE2E.TrialE2E.TestHomePageTests - Login button clicked successfully
00:40:10.804 [main] ERROR TrialE2E.TrialE2E.TestHomePageTests - Ocado Launched again
00:44:13.101 [main] DEBUG TrialE2E.TrialE2E.TestHomePageTests - Log In Clixked
13:33:39.124 [main] INFO  TrialE2E.TrialE2E.TestHomePageTests - Driver Initialized successfully
13:33:41.594 [main] DEBUG TrialE2E.TrialE2E.TestHomePageTests - Login button clicked successfully
13:33:46.777 [main] ERROR TrialE2E.TrialE2E.TestHomePageTests - Ocado Launched again
13:33:48.393 [main] DEBUG TrialE2E.TrialE2E.TestHomePageTests - Login button clicked successfully
13:33:52.197 [main] ERROR TrialE2E.TrialE2E.TestHomePageTests - Ocado Launched again
13:33:52.599 [main] DEBUG TrialE2E.TrialE2E.TestHomePageTests - Login button clicked successfully
13:33:56.482 [main] ERROR TrialE2E.TrialE2E.TestHomePageTests - Ocado Launched again
23:16:53.268 [main] DEBUG TrialE2E.TrialE2E.TestHomePageTests - Log In Clixked
23:17:02.352 [main] INFO  TrialE2E.TrialE2E.TestHomePageTests - Driver Initialized successfully
23:17:03.064 [main] DEBUG TrialE2E.TrialE2E.TestHomePageTests - Login button clicked successfully
23:17:07.200 [main] ERROR TrialE2E.TrialE2E.TestHomePageTests - Ocado Launched again
23:17:07.729 [main] DEBUG TrialE2E.TrialE2E.TestHomePageTests - Login button clicked successfully
23:17:10.722 [main] ERROR TrialE2E.TrialE2E.TestHomePageTests - Ocado Launched again
23:17:11.203 [main] DEBUG TrialE2E.TrialE2E.TestHomePageTests - Login button clicked successfully
23:17:13.731 [main] ERROR TrialE2E.TrialE2E.TestHomePageTests - Ocado Launched again
